<?xml version="1.0" encoding="UTF-8"?>
<!-- Generated by org.testng.reporters.JUnitReportReporter -->
<testsuite hostname="SWARAJ" failures="0" tests="2" name="swarajtripathy.tests.ErrorValidations" time="47.743" errors="0" timestamp="2025-01-07T01:04:14 IST" skipped="0">
  <testcase classname="swarajtripathy.tests.ErrorValidations" name="productErrorValidation" time="29.797"/>
  <testcase classname="swarajtripathy.tests.ErrorValidations" name="loginErrorValidation" time="17.946"/>
</testsuite> <!-- swarajtripathy.tests.ErrorValidations -->
