<?xml version="1.0" encoding="UTF-8"?>
<!-- Generated by org.testng.reporters.JUnitReportReporter -->
<testsuite hostname="SWARAJ" failures="0" tests="2" name="swarajtripathy.tests.StandAloneTest2" time="49.841" errors="0" timestamp="2025-01-09T00:37:21 IST" skipped="0">
  <testcase classname="swarajtripathy.tests.StandAloneTest2" name="submitOrder" time="35.622"/>
  <testcase classname="swarajtripathy.tests.StandAloneTest2" name="submitOrder" time="14.219"/>
</testsuite> <!-- swarajtripathy.tests.StandAloneTest2 -->
