<?xml version="1.0" encoding="UTF-8"?>
<!-- Generated by org.testng.reporters.JUnitReportReporter -->
<testsuite hostname="SWARAJ" failures="0" tests="3" name="swarajtripathy.tests.StandAloneTest2" time="107.443" errors="0" timestamp="2025-01-04T18:34:09 IST" skipped="0">
  <testcase classname="swarajtripathy.tests.StandAloneTest2" name="submitOrder" time="63.989"/>
  <testcase classname="swarajtripathy.tests.StandAloneTest2" name="orderVerfication" time="12.579"/>
  <testcase classname="swarajtripathy.tests.StandAloneTest2" name="submitOrder" time="30.875"/>
</testsuite> <!-- swarajtripathy.tests.StandAloneTest2 -->
