<?xml version="1.0" encoding="UTF-8"?>
<!-- Generated by org.testng.reporters.JUnitReportReporter -->
<testsuite hostname="SWARAJ" failures="0" tests="2" name="swarajtripathy.tests.ErrorValidations" time="90.352" errors="0" timestamp="2025-01-04T18:34:09 IST" skipped="0">
  <testcase classname="swarajtripathy.tests.ErrorValidations" name="productErrorValidation" time="40.845"/>
  <testcase classname="swarajtripathy.tests.ErrorValidations" name="loginErrorValidation" time="49.507"/>
</testsuite> <!-- swarajtripathy.tests.ErrorValidations -->
